<?xml version="1.0" encoding="UTF-8"?>
<testng-results ignored="0" total="1" passed="1" failed="0" skipped="0">
  <reporter-output>
  </reporter-output>
  <suite started-at="2025-03-21T11:44:20 IST" name="MySuite" finished-at="2025-03-21T11:44:30 IST" duration-ms="9788">
    <groups>
      <group name="regression">
        <method signature="TC_002_LoginTest.verifymyaccountpagedisplayed()[pri:0, instance:testcases.TC_002_LoginTest@5fe94a96]" name="verifymyaccountpagedisplayed" class="testcases.TC_002_LoginTest"/>
      </group> <!-- regression -->
      <group name="sanity">
        <method signature="TC_002_LoginTest.verifymyaccountpagedisplayed()[pri:0, instance:testcases.TC_002_LoginTest@5fe94a96]" name="verifymyaccountpagedisplayed" class="testcases.TC_002_LoginTest"/>
      </group> <!-- sanity -->
      <group name="master">
        <method signature="TC_002_LoginTest.verifymyaccountpagedisplayed()[pri:0, instance:testcases.TC_002_LoginTest@5fe94a96]" name="verifymyaccountpagedisplayed" class="testcases.TC_002_LoginTest"/>
      </group> <!-- master -->
    </groups>
    <test started-at="2025-03-21T11:44:20 IST" name="chrome-node" finished-at="2025-03-21T11:44:30 IST" duration-ms="9788">
      <class name="testcases.TC_002_LoginTest">
        <test-method is-config="true" signature="setup(java.lang.String,java.lang.String)[pri:0, instance:testcases.TC_002_LoginTest@5fe94a96]" started-at="2025-03-21T11:44:20 IST" name="setup" finished-at="2025-03-21T11:44:27 IST" duration-ms="6813" status="PASS">
          <params>
            <param index="0">
              <value>
                <![CDATA[chrome]]>
              </value>
            </param>
            <param index="1">
              <value>
                <![CDATA[linux]]>
              </value>
            </param>
          </params>
          <reporter-output>
          </reporter-output>
        </test-method> <!-- setup -->
        <test-method signature="verifymyaccountpagedisplayed()[pri:0, instance:testcases.TC_002_LoginTest@5fe94a96]" started-at="2025-03-21T11:44:27 IST" name="verifymyaccountpagedisplayed" finished-at="2025-03-21T11:44:29 IST" duration-ms="2343" status="PASS">
          <reporter-output>
          </reporter-output>
        </test-method> <!-- verifymyaccountpagedisplayed -->
        <test-method is-config="true" signature="teardown()[pri:0, instance:testcases.TC_002_LoginTest@5fe94a96]" started-at="2025-03-21T11:44:29 IST" name="teardown" finished-at="2025-03-21T11:44:30 IST" duration-ms="112" status="PASS">
          <reporter-output>
          </reporter-output>
        </test-method> <!-- teardown -->
      </class> <!-- testcases.TC_002_LoginTest -->
    </test> <!-- chrome-node -->
  </suite> <!-- MySuite -->
</testng-results>
