<?xml version="1.0" encoding="UTF-8"?>
<testng-results ignored="0" total="2" passed="2" failed="0" skipped="0">
  <reporter-output>
  </reporter-output>
  <suite started-at="2025-03-18T15:09:04 IST" name="MySuite" finished-at="2025-03-18T15:09:26 IST" duration-ms="22189">
    <groups>
      <group name="regression">
        <method signature="TC_001_Registration.verifyregistration()[pri:0, instance:testcases.TC_001_Registration@443118b0]" name="verifyregistration" class="testcases.TC_001_Registration"/>
        <method signature="TC_002_LoginTest.verifymyaccountpagedisplayed()[pri:0, instance:testcases.TC_002_LoginTest@6b2ea799]" name="verifymyaccountpagedisplayed" class="testcases.TC_002_LoginTest"/>
      </group> <!-- regression -->
      <group name="sanity">
        <method signature="TC_001_Registration.verifyregistration()[pri:0, instance:testcases.TC_001_Registration@443118b0]" name="verifyregistration" class="testcases.TC_001_Registration"/>
        <method signature="TC_002_LoginTest.verifymyaccountpagedisplayed()[pri:0, instance:testcases.TC_002_LoginTest@6b2ea799]" name="verifymyaccountpagedisplayed" class="testcases.TC_002_LoginTest"/>
      </group> <!-- sanity -->
      <group name="master">
        <method signature="TC_001_Registration.verifyregistration()[pri:0, instance:testcases.TC_001_Registration@443118b0]" name="verifyregistration" class="testcases.TC_001_Registration"/>
        <method signature="TC_002_LoginTest.verifymyaccountpagedisplayed()[pri:0, instance:testcases.TC_002_LoginTest@6b2ea799]" name="verifymyaccountpagedisplayed" class="testcases.TC_002_LoginTest"/>
      </group> <!-- master -->
    </groups>
    <test started-at="2025-03-18T15:09:04 IST" name="Test" finished-at="2025-03-18T15:09:26 IST" duration-ms="22189">
      <class name="testcases.TC_001_Registration">
        <test-method is-config="true" signature="setup(java.lang.String,java.lang.String)[pri:0, instance:testcases.TC_001_Registration@443118b0]" started-at="2025-03-18T15:09:04 IST" name="setup" finished-at="2025-03-18T15:09:12 IST" duration-ms="7504" status="PASS">
          <params>
            <param index="0">
              <value>
                <![CDATA[edge]]>
              </value>
            </param>
            <param index="1">
              <value>
                <![CDATA[windows]]>
              </value>
            </param>
          </params>
          <reporter-output>
          </reporter-output>
        </test-method> <!-- setup -->
        <test-method signature="verifyregistration()[pri:0, instance:testcases.TC_001_Registration@443118b0]" started-at="2025-03-18T15:09:12 IST" name="verifyregistration" finished-at="2025-03-18T15:09:18 IST" duration-ms="5967" status="PASS">
          <reporter-output>
          </reporter-output>
        </test-method> <!-- verifyregistration -->
        <test-method is-config="true" signature="teardown()[pri:0, instance:testcases.TC_001_Registration@443118b0]" started-at="2025-03-18T15:09:18 IST" name="teardown" finished-at="2025-03-18T15:09:19 IST" duration-ms="1553" status="PASS">
          <reporter-output>
          </reporter-output>
        </test-method> <!-- teardown -->
      </class> <!-- testcases.TC_001_Registration -->
      <class name="testcases.TC_002_LoginTest">
        <test-method is-config="true" signature="setup(java.lang.String,java.lang.String)[pri:0, instance:testcases.TC_002_LoginTest@6b2ea799]" started-at="2025-03-18T15:09:19 IST" name="setup" finished-at="2025-03-18T15:09:23 IST" duration-ms="3672" status="PASS">
          <params>
            <param index="0">
              <value>
                <![CDATA[edge]]>
              </value>
            </param>
            <param index="1">
              <value>
                <![CDATA[windows]]>
              </value>
            </param>
          </params>
          <reporter-output>
          </reporter-output>
        </test-method> <!-- setup -->
        <test-method signature="verifymyaccountpagedisplayed()[pri:0, instance:testcases.TC_002_LoginTest@6b2ea799]" started-at="2025-03-18T15:09:23 IST" name="verifymyaccountpagedisplayed" finished-at="2025-03-18T15:09:25 IST" duration-ms="1682" status="PASS">
          <reporter-output>
          </reporter-output>
        </test-method> <!-- verifymyaccountpagedisplayed -->
        <test-method is-config="true" signature="teardown()[pri:0, instance:testcases.TC_002_LoginTest@6b2ea799]" started-at="2025-03-18T15:09:25 IST" name="teardown" finished-at="2025-03-18T15:09:26 IST" duration-ms="1392" status="PASS">
          <reporter-output>
          </reporter-output>
        </test-method> <!-- teardown -->
      </class> <!-- testcases.TC_002_LoginTest -->
    </test> <!-- Test -->
  </suite> <!-- MySuite -->
</testng-results>
